/home/dylanetaft/projects/YAWT/include/h3.h:7: warning: missing title after \defgroup HTTP3
/home/dylanetaft/projects/YAWT/include/logger.h:7: warning: missing title after \defgroup Logging
/home/dylanetaft/projects/YAWT/include/crypt.h:8: warning: missing title after \defgroup Crypt
/home/dylanetaft/projects/YAWT/include/h3.h:7: warning: Refusing to add group HTTP3 to itself
/home/dylanetaft/projects/YAWT/include/crypt.h:8: warning: Found non-existing group 'QUIC' for the command '@ingroup', ignoring command
/home/dylanetaft/projects/YAWT/include/quic_connection.h:23: warning: Found non-existing group 'QUIC' for the command '@ingroup', ignoring command
/home/dylanetaft/projects/YAWT/include/quic_connection.h:37: warning: Found non-existing group 'QUIC' for the command '@ingroup', ignoring command
/home/dylanetaft/projects/YAWT/include/quic_connection.h:62: warning: Found non-existing group 'QUIC' for the command '@ingroup', ignoring command
/home/dylanetaft/projects/YAWT/include/quic_connection.h:77: warning: Found non-existing group 'QUIC' for the command '@ingroup', ignoring command
/home/dylanetaft/projects/YAWT/include/quic_types.h:37: warning: Found non-existing group 'QUIC' for the command '@ingroup', ignoring command
/home/dylanetaft/projects/YAWT/include/quic_types.h:151: warning: Found non-existing group 'QUIC' for the command '@ingroup', ignoring command
/home/dylanetaft/projects/YAWT/include/quic_types.h:192: warning: Found non-existing group 'QUIC' for the command '@ingroup', ignoring command
/home/dylanetaft/projects/YAWT/include/quic_types.h:205: warning: Found non-existing group 'QUIC' for the command '@ingroup', ignoring command
/home/dylanetaft/projects/YAWT/include/quic_types.h:214: warning: Found non-existing group 'QUIC' for the command '@ingroup', ignoring command
/home/dylanetaft/projects/YAWT/include/quic_types.h:228: warning: Found non-existing group 'QUIC' for the command '@ingroup', ignoring command
/home/dylanetaft/projects/YAWT/include/quic_types.h:238: warning: Found non-existing group 'QUIC' for the command '@ingroup', ignoring command
/home/dylanetaft/projects/YAWT/include/quic_types.h:247: warning: Found non-existing group 'QUIC' for the command '@ingroup', ignoring command
/home/dylanetaft/projects/YAWT/include/quic_types.h:258: warning: Found non-existing group 'QUIC' for the command '@ingroup', ignoring command
/home/dylanetaft/projects/YAWT/include/quic_types.h:269: warning: Found non-existing group 'QUIC' for the command '@ingroup', ignoring command
/home/dylanetaft/projects/YAWT/include/quic_types.h:290: warning: Found non-existing group 'QUIC' for the command '@ingroup', ignoring command
/home/dylanetaft/projects/YAWT/include/quic_types.h:299: warning: Found non-existing group 'QUIC' for the command '@ingroup', ignoring command
/home/dylanetaft/projects/YAWT/include/quic_types.h:308: warning: Found non-existing group 'QUIC' for the command '@ingroup', ignoring command
/home/dylanetaft/projects/YAWT/include/quic_types.h:316: warning: Found non-existing group 'QUIC' for the command '@ingroup', ignoring command
/home/dylanetaft/projects/YAWT/include/quic_types.h:325: warning: Found non-existing group 'QUIC' for the command '@ingroup', ignoring command
/home/dylanetaft/projects/YAWT/include/quic_types.h:333: warning: Found non-existing group 'QUIC' for the command '@ingroup', ignoring command
/home/dylanetaft/projects/YAWT/include/quic_types.h:341: warning: Found non-existing group 'QUIC' for the command '@ingroup', ignoring command
/home/dylanetaft/projects/YAWT/include/quic_types.h:350: warning: Found non-existing group 'QUIC' for the command '@ingroup', ignoring command
/home/dylanetaft/projects/YAWT/include/quic_types.h:358: warning: Found non-existing group 'QUIC' for the command '@ingroup', ignoring command
/home/dylanetaft/projects/YAWT/include/quic_types.h:369: warning: Found non-existing group 'QUIC' for the command '@ingroup', ignoring command
/home/dylanetaft/projects/YAWT/include/quic_types.h:377: warning: Found non-existing group 'QUIC' for the command '@ingroup', ignoring command
/home/dylanetaft/projects/YAWT/include/quic_types.h:385: warning: Found non-existing group 'QUIC' for the command '@ingroup', ignoring command
/home/dylanetaft/projects/YAWT/include/quic_types.h:393: warning: Found non-existing group 'QUIC' for the command '@ingroup', ignoring command
/home/dylanetaft/projects/YAWT/include/quic_types.h:405: warning: Found non-existing group 'QUIC' for the command '@ingroup', ignoring command
/home/dylanetaft/projects/YAWT/include/quic_types.h:417: warning: Found non-existing group 'QUIC' for the command '@ingroup', ignoring command
/home/dylanetaft/projects/YAWT/include/quic_types.h:428: warning: Found non-existing group 'QUIC' for the command '@ingroup', ignoring command
/home/dylanetaft/projects/YAWT/include/quic_types.h:470: warning: Found non-existing group 'QUIC' for the command '@ingroup', ignoring command
/home/dylanetaft/projects/YAWT/include/security.h:25: warning: Found non-existing group 'QUIC' for the command '@ingroup', ignoring command
/home/dylanetaft/projects/YAWT/include/security.h:42: warning: Found non-existing group 'QUIC' for the command '@ingroup', ignoring command
/home/dylanetaft/projects/YAWT/include/quic_types.h:79: warning: Found non-existing group 'QUIC' for the command '@ingroup', ignoring command
/home/dylanetaft/projects/YAWT/include/quic_types.h:91: warning: Found non-existing group 'QUIC' for the command '@ingroup', ignoring command
/home/dylanetaft/projects/YAWT/include/quic_types.h:102: warning: Found non-existing group 'QUIC' for the command '@ingroup', ignoring command
/home/dylanetaft/projects/YAWT/include/quic_types.h:136: warning: Found non-existing group 'QUIC' for the command '@ingroup', ignoring command
/home/dylanetaft/projects/YAWT/include/quic_types.h:454: warning: Found non-existing group 'QUIC' for the command '@ingroup', ignoring command
/home/dylanetaft/projects/YAWT/include/quic_connection.h:26: warning: Found non-existing group 'QUIC' for the command '@ingroup', ignoring command
/home/dylanetaft/projects/YAWT/include/quic_connection.h:56: warning: Found non-existing group 'QUIC' for the command '@ingroup', ignoring command
/home/dylanetaft/projects/YAWT/include/quic_connection.h:69: warning: Found non-existing group 'QUIC' for the command '@ingroup', ignoring command
/home/dylanetaft/projects/YAWT/include/quic_types.h:40: warning: Found non-existing group 'QUIC' for the command '@ingroup', ignoring command
/home/dylanetaft/projects/YAWT/include/quic_types.h:186: warning: Found non-existing group 'QUIC' for the command '@ingroup', ignoring command
/home/dylanetaft/projects/YAWT/include/quic_types.h:281: warning: Found non-existing group 'QUIC' for the command '@ingroup', ignoring command
/home/dylanetaft/projects/YAWT/include/quic_types.h:293: warning: Found non-existing group 'QUIC' for the command '@ingroup', ignoring command
/home/dylanetaft/projects/YAWT/include/quic_types.h:302: warning: Found non-existing group 'QUIC' for the command '@ingroup', ignoring command
/home/dylanetaft/projects/YAWT/include/quic_types.h:492: warning: Found non-existing group 'QUIC' for the command '@ingroup', ignoring command
/home/dylanetaft/projects/YAWT/include/quic_connection.h:97: warning: Found non-existing group 'QUIC' for the command '@ingroup', ignoring command
/home/dylanetaft/projects/YAWT/include/quic_connection.h:105: warning: Found non-existing group 'QUIC' for the command '@ingroup', ignoring command
/home/dylanetaft/projects/YAWT/include/quic_connection.h:114: warning: Found non-existing group 'QUIC' for the command '@ingroup', ignoring command
/home/dylanetaft/projects/YAWT/include/quic_connection.h:121: warning: Found non-existing group 'QUIC' for the command '@ingroup', ignoring command
/home/dylanetaft/projects/YAWT/include/quic_connection.h:134: warning: Found non-existing group 'QUIC' for the command '@ingroup', ignoring command
/home/dylanetaft/projects/YAWT/include/quic_connection.h:148: warning: Found non-existing group 'QUIC' for the command '@ingroup', ignoring command
/home/dylanetaft/projects/YAWT/include/quic_connection.h:157: warning: Found non-existing group 'QUIC' for the command '@ingroup', ignoring command
/home/dylanetaft/projects/YAWT/include/quic_connection.h:164: warning: Found non-existing group 'QUIC' for the command '@ingroup', ignoring command
/home/dylanetaft/projects/YAWT/include/quic_connection.h:173: warning: Found non-existing group 'QUIC' for the command '@ingroup', ignoring command
/home/dylanetaft/projects/YAWT/include/quic_connection.h:183: warning: Found non-existing group 'QUIC' for the command '@ingroup', ignoring command
/home/dylanetaft/projects/YAWT/include/quic_connection.h:195: warning: Found non-existing group 'QUIC' for the command '@ingroup', ignoring command
/home/dylanetaft/projects/YAWT/include/quic_connection.h:202: warning: Found non-existing group 'QUIC' for the command '@ingroup', ignoring command
/home/dylanetaft/projects/YAWT/include/quic_connection.h:213: warning: Found non-existing group 'QUIC' for the command '@ingroup', ignoring command
/home/dylanetaft/projects/YAWT/include/quic_types.h:49: warning: Found non-existing group 'QUIC' for the command '@ingroup', ignoring command
/home/dylanetaft/projects/YAWT/include/quic_types.h:64: warning: Found non-existing group 'QUIC' for the command '@ingroup', ignoring command
/home/dylanetaft/projects/YAWT/include/security.h:53: warning: Found non-existing group 'QUIC' for the command '@ingroup', ignoring command
/home/dylanetaft/projects/YAWT/include/security.h:61: warning: Found non-existing group 'QUIC' for the command '@ingroup', ignoring command
/home/dylanetaft/projects/YAWT/include/security.h:69: warning: Found non-existing group 'QUIC' for the command '@ingroup', ignoring command
